C51 COMPILER V9.54   AT24C02                                                               08/12/2022 20:27:26 PAGE 1   


C51 COMPILER V9.54, COMPILATION OF MODULE AT24C02
OBJECT MODULE PLACED IN .\Objects\AT24C02.obj
COMPILER INVOKED BY: C:\Keil_v5\C51\BIN\C51.EXE AT24C02.c OPTIMIZE(8,SPEED) BROWSE DEBUG OBJECTEXTEND PRINT(.\Listings\A
                    -T24C02.lst) TABS(2) OBJECT(.\Objects\AT24C02.obj)

line level    source

   1          #include <REGX52.H>
   2          #include "I2C.h"
   3          #define AT24C02_ADDRESS 0xA0 //W,  R for 0xA1
   4          
   5          
   6          
   7          void AT24C02_WriteByte(unsigned char WordAddress,unsigned char Data){
   8   1        I2C_Start();
   9   1        I2C_SendByte(AT24C02_ADDRESS);
  10   1        I2C_RecieveAck();
  11   1        I2C_SendByte(WordAddress);
  12   1        I2C_RecieveAck();
  13   1        I2C_SendByte(Data);
  14   1        I2C_RecieveAck();
  15   1        I2C_Stop();
  16   1      }
  17          
  18          unsigned char AT24C02_ReadByte(unsigned char WordAddress){
  19   1        unsigned char Data;
  20   1        I2C_Start();
  21   1        I2C_SendByte(AT24C02_ADDRESS);
  22   1        I2C_RecieveAck();
  23   1        I2C_SendByte(WordAddress);
  24   1        I2C_RecieveAck();
  25   1        I2C_Start();
  26   1        I2C_SendByte(AT24C02_ADDRESS|0x01);
  27   1        I2C_RecieveAck();
  28   1        Data=I2C_RecieveByte();
  29   1        I2C_SendAck(1);
  30   1        I2C_Stop();
  31   1        return Data;
  32   1        
  33   1      }


MODULE INFORMATION:   STATIC OVERLAYABLE
   CODE SIZE        =     82    ----
   CONSTANT SIZE    =   ----    ----
   XDATA SIZE       =   ----    ----
   PDATA SIZE       =   ----    ----
   DATA SIZE        =   ----       4
   IDATA SIZE       =   ----    ----
   BIT SIZE         =   ----    ----
END OF MODULE INFORMATION.


C51 COMPILATION COMPLETE.  0 WARNING(S),  0 ERROR(S)
