C51 COMPILER V9.54   DS1302                                                                08/12/2022 20:27:25 PAGE 1   


C51 COMPILER V9.54, COMPILATION OF MODULE DS1302
OBJECT MODULE PLACED IN .\Objects\DS1302.obj
COMPILER INVOKED BY: C:\Keil_v5\C51\BIN\C51.EXE DS1302.c OPTIMIZE(8,SPEED) BROWSE DEBUG OBJECTEXTEND PRINT(.\Listings\DS
                    -1302.lst) TABS(2) OBJECT(.\Objects\DS1302.obj)

line level    source

   1          #include <REGX52.H>
   2          #include <INTRINS.H>
   3          //å¼•è„šå®šä¹‰
   4          sbit DS1302_SCLK=P3^6;
   5          sbit DS1302_IO=P3^4;
   6          sbit DS1302_CE=P3^5;
   7          
   8          //å¯„å­˜å™¨å†™å…¥åœ°å€/æŒ‡ä»¤å®šä¹‰
   9          #define DS1302_SECOND   0x80
  10          #define DS1302_MINUTE   0x82
  11          #define DS1302_HOUR     0x84
  12          #define DS1302_DATE     0x86
  13          #define DS1302_MONTH    0x88
  14          #define DS1302_DAY      0x8A
  15          #define DS1302_YEAR     0x8C
  16          #define DS1302_WP     0x8E
  17          
  18          //æ—¶é—´æ•°ç»„ï¼Œç´¢å¼•0~6åˆ†åˆ«ä¸ºå¹´ã€æœˆã€æ—¥ã€æ—¶ã€åˆ†ã€ç§’ã€æ˜ŸæœŸï¼Œè®¾ç½®ä¸ºæœ‰ç¬¦å·çš„ä¾¿äº
             -<0çš„åˆ¤æ–­
  19          char DS1302_Time[]={19,11,16,11,59,55,6};
  20          
  21          /**
  22            * @brief  DS1302åˆå§‹åŒ–
  23            * @param  æ— 
  24            * @retval æ— 
  25            */
  26          void DS1302_Init(void)
  27          {
  28   1        DS1302_CE=0;
  29   1        DS1302_SCLK=0;
  30   1      }
  31          
  32          /**
  33            * @brief  DS1302å†™ä¸€ä¸ªå­—èŠ‚
  34            * @param  Command å‘½ä»¤å­—/åœ°å€
  35            * @param  Data è¦å†™å…¥çš„æ•°æ®
  36            * @retval æ— 
  37            */
  38          void DS1302_WriteByte(unsigned char Command,Data)
  39          {
  40   1        unsigned char i;
  41   1        DS1302_CE = 0;
  42   1        _nop_();
  43   1        DS1302_SCLK = 0;
  44   1        _nop_();
  45   1        DS1302_CE = 1;
  46   1        _nop_();
  47   1        for(i=0;i<8;i++)
  48   1        {
  49   2          DS1302_IO=Command&(0x01<<i);
  50   2          DS1302_SCLK=1;
  51   2          DS1302_SCLK=0;
  52   2        }
  53   1        for(i=0;i<8;i++)
C51 COMPILER V9.54   DS1302                                                                08/12/2022 20:27:25 PAGE 2   

  54   1        {
  55   2          DS1302_IO=Data&(0x01<<i);
  56   2          DS1302_SCLK=1;
  57   2          DS1302_SCLK=0;
  58   2        }
  59   1      //  DS1302_CE=0;
  60   1      }
  61          
  62          /**
  63            * @brief  DS1302è¯»ä¸€ä¸ªå­—èŠ‚
  64            * @param  Command å‘½ä»¤å­—/åœ°å€
  65            * @retval è¯»å‡ºçš„æ•°æ®
  66            */
  67          unsigned char DS1302_ReadByte(unsigned char Command)
  68          {
  69   1        unsigned char i,Data=0x00;
  70   1        Command|=0x01;  //å°†æŒ‡ä»¤è½¬æ¢ä¸ºè¯»æŒ‡ä»¤
  71   1        DS1302_CE = 0;
  72   1        _nop_();
  73   1        DS1302_SCLK = 0;
  74   1        _nop_();
  75   1        DS1302_CE = 1;
  76   1        _nop_();
  77   1        for(i=0;i<8;i++)
  78   1        {
  79   2          DS1302_IO=Command&(0x01<<i);
  80   2          DS1302_SCLK=0;
  81   2          DS1302_SCLK=1;
  82   2        }
  83   1        for(i=0;i<8;i++)
  84   1        {
  85   2          DS1302_SCLK=1;
  86   2          DS1302_SCLK=0;
  87   2          if(DS1302_IO){Data|=(0x01<<i);}
  88   2        }
  89   1      //  DS1302_CE=0;
  90   1        DS1302_IO=0;  //è¯»å–åå°†IOè®¾ç½®ä¸º0ï¼Œå¦åˆ™è¯»å‡ºçš„æ•°æ®ä¼šå‡ºé”™
  91   1        return Data;
  92   1      }
  93          
  94          /**
  95            * @brief  DS1302è®¾ç½®æ—¶é—´ï¼Œè°ƒç”¨ä¹‹åï¼ŒDS1302_Timeæ•°ç»„çš„æ•°å­—ä¼šè¢«è®¾ç½®åˆ°DS1302ä¸­
  96            * @param  æ— 
  97            * @retval æ— 
  98            */
  99          void DS1302_SetTime(void)
 100          {
 101   1        DS1302_WriteByte(DS1302_WP,0x00);
 102   1        DS1302_WriteByte(DS1302_YEAR,DS1302_Time[0]/10*16+DS1302_Time[0]%10);//åè¿›åˆ¶è½¬BCDç åå†™å…¥
 103   1        DS1302_WriteByte(DS1302_MONTH,DS1302_Time[1]/10*16+DS1302_Time[1]%10);
 104   1        DS1302_WriteByte(DS1302_DATE,DS1302_Time[2]/10*16+DS1302_Time[2]%10);
 105   1        DS1302_WriteByte(DS1302_HOUR,DS1302_Time[3]/10*16+DS1302_Time[3]%10);
 106   1        DS1302_WriteByte(DS1302_MINUTE,DS1302_Time[4]/10*16+DS1302_Time[4]%10);
 107   1        DS1302_WriteByte(DS1302_SECOND,DS1302_Time[5]/10*16+DS1302_Time[5]%10);
 108   1        DS1302_WriteByte(DS1302_DAY,DS1302_Time[6]/10*16+DS1302_Time[6]%10);
 109   1      }
 110          
 111          /**
 112            * @brief  DS1302è¯»å–æ—¶é—´ï¼Œè°ƒç”¨ä¹‹åï¼ŒDS1302ä¸­çš„æ•°æ®ä¼šè¢«è¯»å–åˆ°DS1302_Timeæ•°ç»„ä¸­
 113            * @param  æ— 
 114            * @retval æ— 
 115            */
C51 COMPILER V9.54   DS1302                                                                08/12/2022 20:27:25 PAGE 3   

 116          void DS1302_ReadTime(void)
 117          {
 118   1        unsigned char Temp;
 119   1        Temp=DS1302_ReadByte(DS1302_YEAR);
 120   1        DS1302_Time[0]=Temp/16*10+Temp%16;//BCDç è½¬åè¿›åˆ¶åè¯»å–
 121   1        Temp=DS1302_ReadByte(DS1302_MONTH);
 122   1        DS1302_Time[1]=Temp/16*10+Temp%16;
 123   1        Temp=DS1302_ReadByte(DS1302_DATE);
 124   1        DS1302_Time[2]=Temp/16*10+Temp%16;
 125   1        Temp=DS1302_ReadByte(DS1302_HOUR);
 126   1        DS1302_Time[3]=Temp/16*10+Temp%16;
 127   1        Temp=DS1302_ReadByte(DS1302_MINUTE);
 128   1        DS1302_Time[4]=Temp/16*10+Temp%16;
 129   1        Temp=DS1302_ReadByte(DS1302_SECOND);
 130   1        DS1302_Time[5]=Temp/16*10+Temp%16;
 131   1        Temp=DS1302_ReadByte(DS1302_DAY);
 132   1        DS1302_Time[6]=Temp/16*10+Temp%16;
 133   1      }


MODULE INFORMATION:   STATIC OVERLAYABLE
   CODE SIZE        =    695    ----
   CONSTANT SIZE    =   ----    ----
   XDATA SIZE       =   ----    ----
   PDATA SIZE       =   ----    ----
   DATA SIZE        =      7       2
   IDATA SIZE       =   ----    ----
   BIT SIZE         =   ----    ----
END OF MODULE INFORMATION.


C51 COMPILATION COMPLETE.  0 WARNING(S),  0 ERROR(S)
