C51 COMPILER V9.54   DS18B20_DELAY                                                         08/09/2022 09:09:43 PAGE 1   


C51 COMPILER V9.54, COMPILATION OF MODULE DS18B20_DELAY
OBJECT MODULE PLACED IN .\Objects\DS18B20_Delay.obj
COMPILER INVOKED BY: D:\Keil5\C51\BIN\C51.EXE DS18B20_Delay.c OPTIMIZE(8,SPEED) BROWSE DEBUG OBJECTEXTEND PRINT(.\Listin
                    -gs\DS18B20_Delay.lst) TABS(2) OBJECT(.\Objects\DS18B20_Delay.obj)

line level    source

   1          #include <INTRINS.H>
   2          void Delay(unsigned int xms)    //@11.0592MHz
   3          {
   4   1        unsigned char i, j;
   5   1          while(xms){
   6   2          _nop_();
   7   2          i = 2;
   8   2          j = 199;
   9   2          do
  10   2          {
  11   3            while (--j);
  12   3          } while (--i);
  13   2          xms--;
  14   2        }
  15   1      }
  16          
  17          void Delay70us()    //@11.0592MHz
  18          {
  19   1        unsigned char i;
  20   1      
  21   1        _nop_();
  22   1        i = 29;
  23   1        while (--i);
  24   1      }
  25          
  26          void Delay500us()   //@11.0592MHz
  27          {
  28   1        unsigned char i;
  29   1      
  30   1        _nop_();
  31   1        i = 227;
  32   1        while (--i);
  33   1      }
  34          
  35          void Delay10us()    //@11.0592MHz
  36          {
  37   1        unsigned char i;
  38   1      
  39   1        i = 2;
  40   1        while (--i);
  41   1      }
  42          
  43          void Delay50us()    //@11.0592MHz
  44          {
  45   1        unsigned char i;
  46   1      
  47   1        _nop_();
  48   1        i = 20;
  49   1        while (--i);
  50   1      }
  51          
  52          void Delay5us()   //@11.0592MHz
  53          {
  54   1      }
C51 COMPILER V9.54   DS18B20_DELAY                                                         08/09/2022 09:09:43 PAGE 2   



MODULE INFORMATION:   STATIC OVERLAYABLE
   CODE SIZE        =     45    ----
   CONSTANT SIZE    =   ----    ----
   XDATA SIZE       =   ----    ----
   PDATA SIZE       =   ----    ----
   DATA SIZE        =   ----    ----
   IDATA SIZE       =   ----    ----
   BIT SIZE         =   ----    ----
END OF MODULE INFORMATION.


C51 COMPILATION COMPLETE.  0 WARNING(S),  0 ERROR(S)
