C51 COMPILER V9.54   I2C                                                                   08/12/2022 20:27:26 PAGE 1   


C51 COMPILER V9.54, COMPILATION OF MODULE I2C
OBJECT MODULE PLACED IN .\Objects\I2C.obj
COMPILER INVOKED BY: C:\Keil_v5\C51\BIN\C51.EXE I2C.c OPTIMIZE(8,SPEED) BROWSE DEBUG OBJECTEXTEND PRINT(.\Listings\I2C.l
                    -st) TABS(2) OBJECT(.\Objects\I2C.obj)

line level    source

   1          #include <REGX52.H>
   2          
   3          sbit SCL=P2^1;
   4          sbit SDA=P2^0;
   5          
   6          void I2C_Start(){
   7   1        SDA=1;
   8   1        SCL=1;
   9   1        SDA=0;
  10   1        SCL=0;
  11   1      }
  12          
  13          void I2C_Stop(){
  14   1        SDA=0;
  15   1        SCL=1;
  16   1        SDA=1;
  17   1      }
  18          
  19          void I2C_SendByte(unsigned char Byte){
  20   1        int i;
  21   1        for(i=0;i<8;i++){
  22   2          SDA=Byte&(0x80>>i);
  23   2          SCL=1;
  24   2          SCL=0;
  25   2        }
  26   1      }
  27          
  28          unsigned char I2C_RecieveByte(){
  29   1        unsigned char Byte=0x00;
  30   1        int i;
  31   1        SDA=1;
  32   1        for(i=0;i<8;i++){
  33   2          SCL=1;
  34   2          if(SDA) Byte=Byte|(0x80>>i);
  35   2          SCL=0;
  36   2        }
  37   1        return Byte;
  38   1      }
  39          
  40          void I2C_SendAck(unsigned char AckBit){
  41   1        SDA=AckBit;
  42   1        SCL=1;
  43   1        SCL=0;
  44   1      }//0 for avilialbe
  45          
  46          unsigned char I2C_RecieveAck(){
  47   1        unsigned char Ack;
  48   1        SDA=1;
  49   1        SCL=1;
  50   1        Ack=SDA;
  51   1        SCL=0;
  52   1        return Ack;
  53   1      }//0 for avilialbe
  54          
C51 COMPILER V9.54   I2C                                                                   08/12/2022 20:27:26 PAGE 2   

  55          


MODULE INFORMATION:   STATIC OVERLAYABLE
   CODE SIZE        =    127    ----
   CONSTANT SIZE    =   ----    ----
   XDATA SIZE       =   ----    ----
   PDATA SIZE       =   ----    ----
   DATA SIZE        =   ----    ----
   IDATA SIZE       =   ----    ----
   BIT SIZE         =   ----    ----
END OF MODULE INFORMATION.


C51 COMPILATION COMPLETE.  0 WARNING(S),  0 ERROR(S)
